<?xml version="1.0" encoding="UTF-8"?>
<!-- Generated by org.testng.reporters.JUnitReportReporter -->
<testsuite skipped="0" hostname="LAPTOP-INV4FEQ8" name="testng.code.TriCombo" tests="2" failures="0" timestamp="2022-09-29T21:23:56 EDT" time="28.305" errors="0">
  <testcase name="businessEmailTest" time="14.465" classname="testng.code.TriCombo"/>
  <system-out/>
  <testcase name="clickonSignLinkandEnterLoginCredentials" time="13.840" classname="testng.code.TriCombo"/>
  <system-out/>
</testsuite> <!-- testng.code.TriCombo -->
