<?xml version="1.0" encoding="UTF-8"?>
<!-- Generated by org.testng.reporters.JUnitReportReporter -->
<testsuite skipped="0" hostname="LAPTOP-INV4FEQ8" name="oct20th_2022_session.Parallel_TestNG_Class2" tests="6" failures="0" timestamp="2022-10-20T22:03:15 EDT" time="76.634" errors="0">
  <testcase name="testcase1" time="10.345" classname="oct20th_2022_session.Parallel_TestNG_Class2"/>
  <system-out/>
  <testcase name="testcase3" time="13.726" classname="oct20th_2022_session.Parallel_TestNG_Class2"/>
  <system-out/>
  <testcase name="testcase2" time="7.559" classname="oct20th_2022_session.Parallel_TestNG_Class2"/>
  <system-out/>
  <testcase name="testcase2" time="7.699" classname="oct20th_2022_session.Parallel_TestNG_Class2"/>
  <system-out/>
  <testcase name="testcase1" time="8.958" classname="oct20th_2022_session.Parallel_TestNG_Class2"/>
  <system-out/>
  <testcase name="testcase3" time="28.347" classname="oct20th_2022_session.Parallel_TestNG_Class2"/>
  <system-out/>
</testsuite> <!-- oct20th_2022_session.Parallel_TestNG_Class2 -->
