<?xml version="1.0" encoding="UTF-8"?>
<!-- Generated by org.testng.reporters.JUnitReportReporter -->
<testsuite skipped="0" hostname="LAPTOP-INV4FEQ8" name="testng.code.TesTNG_Parameterization" tests="1" failures="0" timestamp="2022-09-29T21:40:03 EDT" time="12.042" errors="0">
  <testcase name="rediffParameterization" time="12.042" classname="testng.code.TesTNG_Parameterization"/>
  <system-out/>
</testsuite> <!-- testng.code.TesTNG_Parameterization -->
