<?xml version="1.0" encoding="UTF-8"?>
<!-- Generated by org.testng.reporters.JUnitReportReporter -->
<testsuite skipped="0" hostname="LAPTOP-INV4FEQ8" name="testCases.Multiple_Test_Cases" tests="15" failures="0" timestamp="2022-09-22T22:18:39 EDT" time="0.024" errors="0">
  <testcase name="logOut" time="0.001" classname="testCases.Multiple_Test_Cases"/>
  <system-out/>
  <testcase name="Credentials" time="0.002" classname="testCases.Multiple_Test_Cases"/>
  <system-out/>
  <testcase name="goBacktoLandingPage" time="0.002" classname="testCases.Multiple_Test_Cases"/>
  <system-out/>
  <testcase name="Credentials" time="0.007" classname="testCases.Multiple_Test_Cases"/>
  <system-out/>
  <testcase name="Credentials" time="0.001" classname="testCases.Multiple_Test_Cases"/>
  <system-out/>
  <testcase name="launchUrl" time="0.001" classname="testCases.Multiple_Test_Cases"/>
  <system-out/>
  <testcase name="clickOnSignIn" time="0.001" classname="testCases.Multiple_Test_Cases"/>
  <system-out/>
  <testcase name="launchUrl" time="0.001" classname="testCases.Multiple_Test_Cases"/>
  <system-out/>
  <testcase name="launchUrl" time="0.001" classname="testCases.Multiple_Test_Cases"/>
  <system-out/>
  <testcase name="clickOnSignIn" time="0.001" classname="testCases.Multiple_Test_Cases"/>
  <system-out/>
  <testcase name="logOut" time="0.001" classname="testCases.Multiple_Test_Cases"/>
  <system-out/>
  <testcase name="goBacktoLandingPage" time="0.001" classname="testCases.Multiple_Test_Cases"/>
  <system-out/>
  <testcase name="clickOnSignIn" time="0.001" classname="testCases.Multiple_Test_Cases"/>
  <system-out/>
  <testcase name="goBacktoLandingPage" time="0.002" classname="testCases.Multiple_Test_Cases"/>
  <system-out/>
  <testcase name="logOut" time="0.001" classname="testCases.Multiple_Test_Cases"/>
  <system-out/>
</testsuite> <!-- testCases.Multiple_Test_Cases -->
