<?xml version="1.0" encoding="UTF-8"?>
<!-- Generated by org.testng.reporters.JUnitReportReporter -->
<testsuite skipped="0" hostname="LAPTOP-INV4FEQ8" name="doubts.TriCombo" tests="2" failures="0" timestamp="2022-10-10T21:58:02 EDT" time="0.010" errors="0">
  <testcase name="check2" time="0.002" classname="doubts.TriCombo"/>
  <system-out/>
  <testcase name="check1" time="0.008" classname="doubts.TriCombo"/>
  <system-out/>
</testsuite> <!-- doubts.TriCombo -->
