<?xml version="1.0" encoding="UTF-8"?>
<!-- Generated by org.testng.reporters.JUnitReportReporter -->
<testsuite skipped="0" hostname="LAPTOP-INV4FEQ8" name="testng.code.Rediff_TestNG" tests="4" failures="0" timestamp="2022-09-29T21:23:56 EDT" time="14.932" errors="0">
  <testcase name="openBrowser" time="6.558" classname="testng.code.Rediff_TestNG"/>
  <system-out/>
  <testcase name="loginlinkClick" time="1.889" classname="testng.code.Rediff_TestNG"/>
  <system-out/>
  <testcase name="loginCredentialsPageTest" time="5.654" classname="testng.code.Rediff_TestNG"/>
  <system-out/>
  <testcase name="tearDown" time="0.831" classname="testng.code.Rediff_TestNG"/>
  <system-out/>
</testsuite> <!-- testng.code.Rediff_TestNG -->
