<?xml version="1.0" encoding="UTF-8"?>
<!-- Generated by org.testng.reporters.JUnitReportReporter -->
<testsuite skipped="0" hostname="LAPTOP-INV4FEQ8" name="com.automation.code.FacebookSelectClassDropDown" tests="1" failures="0" timestamp="2022-09-22T22:09:37 EDT" time="4.887" errors="0">
  <testcase name="facebook" time="4.887" classname="com.automation.code.FacebookSelectClassDropDown"/>
  <system-out/>
</testsuite> <!-- com.automation.code.FacebookSelectClassDropDown -->
