<?xml version="1.0" encoding="UTF-8"?>
<!-- Generated by org.testng.reporters.JUnitReportReporter -->
<testsuite skipped="0" hostname="LAPTOP-INV4FEQ8" name="testng.code.SoftHardAssert_Automation" tests="5" failures="0" timestamp="2022-09-29T21:23:56 EDT" time="22.024" errors="0">
  <testcase name="launchUrl" time="3.372" classname="testng.code.SoftHardAssert_Automation"/>
  <system-out/>
  <testcase name="clickonsigninLink" time="1.621" classname="testng.code.SoftHardAssert_Automation"/>
  <system-out/>
  <testcase name="enterCredentials" time="5.862" classname="testng.code.SoftHardAssert_Automation"/>
  <system-out/>
  <testcase name="logout" time="3.980" classname="testng.code.SoftHardAssert_Automation"/>
  <system-out/>
  <testcase name="rediffHomeLinkClick" time="7.189" classname="testng.code.SoftHardAssert_Automation"/>
  <system-out/>
</testsuite> <!-- testng.code.SoftHardAssert_Automation -->
