<?xml version="1.0" encoding="UTF-8"?>
<!-- Generated by org.testng.reporters.JUnitReportReporter -->
<testsuite skipped="0" hostname="LAPTOP-INV4FEQ8" name="com.practice.code.OpenWeatherMap" tests="1" failures="0" timestamp="2022-08-11T22:08:03 EDT" time="6.860" errors="0">
  <testcase name="launchURL" time="6.860" classname="com.practice.code.OpenWeatherMap"/>
  <system-out/>
</testsuite> <!-- com.practice.code.OpenWeatherMap -->
