<?xml version="1.0" encoding="UTF-8"?>
<!-- Generated by org.testng.reporters.JUnitReportReporter -->
<testsuite skipped="0" hostname="LAPTOP-INV4FEQ8" name="oct20th_2022_session.Parallel_TestNG_Class1" tests="6" failures="0" timestamp="2022-10-20T21:59:24 EDT" time="145.784" errors="0">
  <testcase name="testcase1" time="9.007" classname="oct20th_2022_session.Parallel_TestNG_Class1"/>
  <system-out/>
  <testcase name="testcase2" time="69.000" classname="oct20th_2022_session.Parallel_TestNG_Class1"/>
  <system-out/>
  <testcase name="testcase3" time="34.838" classname="oct20th_2022_session.Parallel_TestNG_Class1"/>
  <system-out/>
  <testcase name="testcase1" time="6.965" classname="oct20th_2022_session.Parallel_TestNG_Class1"/>
  <system-out/>
  <testcase name="testcase3" time="11.876" classname="oct20th_2022_session.Parallel_TestNG_Class1"/>
  <system-out/>
  <testcase name="testcase2" time="14.098" classname="oct20th_2022_session.Parallel_TestNG_Class1"/>
  <system-out/>
</testsuite> <!-- oct20th_2022_session.Parallel_TestNG_Class1 -->
