<?xml version="1.0" encoding="UTF-8"?>
<!-- Generated by org.testng.reporters.JUnitReportReporter -->
<testsuite skipped="0" hostname="LAPTOP-INV4FEQ8" name="testng.code.DataProvider_Concepts" tests="3" failures="0" timestamp="2022-09-22T21:51:39 EDT" time="0.007" errors="0">
  <testcase name="dataMatrix" time="0.001" classname="testng.code.DataProvider_Concepts"/>
  <system-out/>
  <testcase name="dataMatrix" time="0.001" classname="testng.code.DataProvider_Concepts"/>
  <system-out/>
  <testcase name="dataMatrix" time="0.005" classname="testng.code.DataProvider_Concepts"/>
  <system-out/>
</testsuite> <!-- testng.code.DataProvider_Concepts -->
